Using pre-set license
Built from '2021.1/staging' branch; Version is '2021.1.3f1 (4bef613afd59) revision 4976481'; Using compiler version '192528614'; Build Type 'Release'
OS: 'Windows 10 Home; OS build 19044.1466; Version 2009; 64bit' Language: 'en' Physical Memory: 8128 MB
BatchMode: 1, IsHumanControllingUs: 0, StartBugReporterOnCrash: 0, Is64bit: 1, IsPro: 0

 COMMAND LINE ARGUMENTS:
C:\Program Files\Unity\Hub\Editor\2021.1.3f1\Editor\Unity.exe
-adb2
-batchMode
-noUpm
-name
AssetImportWorker0
-projectPath
G:/Unity Projects/AR Multiplayer Game
-logFile
Logs/AssetImportWorker0.log
-srvPort
52007
Successfully changed project path to: G:/Unity Projects/AR Multiplayer Game
G:/Unity Projects/AR Multiplayer Game
Using Asset Import Pipeline V2.
Refreshing native plugins compatible for Editor in 114.90 ms, found 1 plugins.
Preloading 0 native plugins for Editor in 0.00 ms.
Initialize engine version: 2021.1.3f1 (4bef613afd59)
[Subsystems] Discovering subsystems at path C:/Program Files/Unity/Hub/Editor/2021.1.3f1/Editor/Data/Resources/UnitySubsystems
[Subsystems] Discovering subsystems at path G:/Unity Projects/AR Multiplayer Game/Assets
GfxDevice: creating device client; threaded=0; jobified=0
Direct3D:
    Version:  Direct3D 11.0 [level 11.1]
    Renderer: NVIDIA GeForce GTX 1060 6GB (ID=0x1c03)
    Vendor:   NVIDIA
    VRAM:     6052 MB
    Driver:   30.0.14.9676
Initialize mono
Mono path[0] = 'C:/Program Files/Unity/Hub/Editor/2021.1.3f1/Editor/Data/Managed'
Mono path[1] = 'C:/Program Files/Unity/Hub/Editor/2021.1.3f1/Editor/Data/MonoBleedingEdge/lib/mono/unityjit'
Mono config path = 'C:/Program Files/Unity/Hub/Editor/2021.1.3f1/Editor/Data/MonoBleedingEdge/etc'
Using monoOptions --debugger-agent=transport=dt_socket,embedding=1,server=y,suspend=n,address=127.0.0.1:56304
Begin MonoManager ReloadAssembly
Registering precompiled unity dll's ...
Register platform support module: C:/Program Files/Unity/Hub/Editor/2021.1.3f1/Editor/Data/PlaybackEngines/WebGLSupport/UnityEditor.WebGL.Extensions.dll
Register platform support module: C:/Program Files/Unity/Hub/Editor/2021.1.3f1/Editor/Data/PlaybackEngines/MacStandaloneSupport/UnityEditor.OSXStandalone.Extensions.dll
Register platform support module: C:/Program Files/Unity/Hub/Editor/2021.1.3f1/Editor/Data/PlaybackEngines/WindowsStandaloneSupport/UnityEditor.WindowsStandalone.Extensions.dll
Registered in 0.006943 seconds.
Native extension for WindowsStandalone target not found
Native extension for OSXStandalone target not found
Native extension for WebGL target not found
Refreshing native plugins compatible for Editor in 148.05 ms, found 1 plugins.
Preloading 0 native plugins for Editor in 0.00 ms.
Mono: successfully reloaded assembly
- Completed reload, in  9.717 seconds
Platform modules already initialized, skipping
Registering precompiled user dll's ...
Registered in 0.004374 seconds.
Begin MonoManager ReloadAssembly
Native extension for WindowsStandalone target not found
Native extension for OSXStandalone target not found
Native extension for WebGL target not found
Refreshing native plugins compatible for Editor in 116.35 ms, found 1 plugins.
Preloading 0 native plugins for Editor in 0.00 ms.
Mono: successfully reloaded assembly
- Completed reload, in  1.492 seconds
Platform modules already initialized, skipping
========================================================================
Worker process is ready to serve import requests
Launched and connected shader compiler UnityShaderCompiler.exe after 0.06 seconds
Refreshing native plugins compatible for Editor in 0.79 ms, found 1 plugins.
Preloading 0 native plugins for Editor in 0.00 ms.
Unloading 3431 Unused Serialized files (Serialized files now loaded: 0)
System memory in use before: 132.7 MB.
System memory in use after: 132.6 MB.

Unloading 27 unused Assets to reduce memory usage. Loaded Objects now: 3892.
Total: 3.302800 ms (FindLiveObjects: 0.421800 ms CreateObjectMapping: 0.273300 ms MarkObjects: 2.354300 ms  DeleteObjects: 0.252400 ms)

========================================================================
Received Import Request.
  path: Assets/Sprites
  artifactKey: Guid(7e529c272152f9846b684e06d11b5650) Importer(815301076,1909f56bfc062723c751e8b465ee728b)
Start importing Assets/Sprites using Guid(7e529c272152f9846b684e06d11b5650) Importer(815301076,1909f56bfc062723c751e8b465ee728b)  -> (artifact id: '58c54b9d01aca68c88b11454bfeaf5f7') in 0.012220 seconds 
========================================================================
Received Import Request.
  Time since last request: 0.000358 seconds.
  path: Assets/InputSystem.inputsettings.asset
  artifactKey: Guid(acdf4fd315fcbd94eaf22c36ab795a36) Importer(815301076,1909f56bfc062723c751e8b465ee728b)
Start importing Assets/InputSystem.inputsettings.asset using Guid(acdf4fd315fcbd94eaf22c36ab795a36) Importer(815301076,1909f56bfc062723c751e8b465ee728b)  -> (artifact id: '53744d8e84ec5a57e285358767aa06c5') in 0.040506 seconds 
========================================================================
Received Import Request.
  Time since last request: 0.000451 seconds.
  path: Assets/Scripts/MessageTextHandler.cs
  artifactKey: Guid(6612033f23594af45b7e21aab6757477) Importer(815301076,1909f56bfc062723c751e8b465ee728b)
Start importing Assets/Scripts/MessageTextHandler.cs using Guid(6612033f23594af45b7e21aab6757477) Importer(815301076,1909f56bfc062723c751e8b465ee728b)  -> (artifact id: 'e30868c948b23caedf4416366d7876cc') in 0.011692 seconds 
========================================================================
Received Import Request.
  Time since last request: 0.000355 seconds.
  path: Assets/Scripts
  artifactKey: Guid(0b33a14518ee58345813780a2d46f7ff) Importer(815301076,1909f56bfc062723c751e8b465ee728b)
Start importing Assets/Scripts using Guid(0b33a14518ee58345813780a2d46f7ff) Importer(815301076,1909f56bfc062723c751e8b465ee728b)  -> (artifact id: '173c26b9e04823d6d4bf953557e1daec') in 0.009532 seconds 
========================================================================
Received Import Request.
  Time since last request: 0.000381 seconds.
  path: Assets/Scripts/2D_Scripts
  artifactKey: Guid(8a42551a1c9246849b518bfdef3ab243) Importer(815301076,1909f56bfc062723c751e8b465ee728b)
Start importing Assets/Scripts/2D_Scripts using Guid(8a42551a1c9246849b518bfdef3ab243) Importer(815301076,1909f56bfc062723c751e8b465ee728b)  -> (artifact id: '2da802af71a9571d68634873986498b4') in 0.008916 seconds 
========================================================================
Received Import Request.
  Time since last request: 1614.621347 seconds.
  path: Assets/Scripts/NetworkScripts
  artifactKey: Guid(796a52fedd924644ea281638e396e7ba) Importer(815301076,1909f56bfc062723c751e8b465ee728b)
Start importing Assets/Scripts/NetworkScripts using Guid(796a52fedd924644ea281638e396e7ba) Importer(815301076,1909f56bfc062723c751e8b465ee728b)  -> (artifact id: '6e77ea319ee7fd892eeb9e6ca791995a') in 0.008645 seconds 
========================================================================
Received Import Request.
  Time since last request: 0.926752 seconds.
  path: Assets/Scripts/NetworkScripts/MenuManager.cs
  artifactKey: Guid(890b66cc5df9cf64cae0c718a95deb91) Importer(815301076,1909f56bfc062723c751e8b465ee728b)
Start importing Assets/Scripts/NetworkScripts/MenuManager.cs using Guid(890b66cc5df9cf64cae0c718a95deb91) Importer(815301076,1909f56bfc062723c751e8b465ee728b)  -> (artifact id: '5eb92765b5163332a37e9c94da150a48') in 0.009766 seconds 
========================================================================
Received Import Request.
  Time since last request: 0.635272 seconds.
  path: Assets/Scripts/NetworkScripts/NetworkManager.cs
  artifactKey: Guid(76d056bb12da3684697b48e06ca41ce8) Importer(815301076,1909f56bfc062723c751e8b465ee728b)
Start importing Assets/Scripts/NetworkScripts/NetworkManager.cs using Guid(76d056bb12da3684697b48e06ca41ce8) Importer(815301076,1909f56bfc062723c751e8b465ee728b)  -> (artifact id: '9f1b9089652f837aa71fbe7c2d91c85e') in 0.007723 seconds 
========================================================================
Received Import Request.
  Time since last request: 216.220388 seconds.
  path: Assets/Scripts/UITextTypeWriter.cs
  artifactKey: Guid(b205b2890d2b41141bca9c80ac39eb20) Importer(815301076,1909f56bfc062723c751e8b465ee728b)
Start importing Assets/Scripts/UITextTypeWriter.cs using Guid(b205b2890d2b41141bca9c80ac39eb20) Importer(815301076,1909f56bfc062723c751e8b465ee728b)  -> (artifact id: '657989b816a4cb03b1c1dea7314b71c8') in 0.010301 seconds 
